<?xml version="1.0" encoding="UTF-8"?>
<!-- Generated by org.testng.reporters.JUnitXMLReporter -->
<testsuite hostname="DESKTOP-J9VQ03L" ignored="0" name="Test" tests="13" failures="2" timestamp="03 Sep 2019 23:16:22 GMT" time="0.498" errors="0">
  <testcase name="infiniteloop" time="0.247" classname="tutorialsTestNG.ExceptiontimeOut">
    <failure type="org.testng.internal.thread.ThreadTimeoutException" message="Method tutorialsTestNG.ExceptiontimeOut.infiniteloop() didn&amp;apos;t finish within the time-out 200">
      <![CDATA[org.testng.internal.thread.ThreadTimeoutException: Method tutorialsTestNG.ExceptiontimeOut.infiniteloop() didn't finish within the time-out 200
at tutorialsTestNG.ExceptiontimeOut.infiniteloop(ExceptiontimeOut.java:16)
at java.util.concurrent.Executors$RunnableAdapter.call(Executors.java:511)
at java.util.concurrent.FutureTask.run(FutureTask.java:266)
at java.util.concurrent.ThreadPoolExecutor.runWorker(ThreadPoolExecutor.java:1149)
at java.util.concurrent.ThreadPoolExecutor$Worker.run(ThreadPoolExecutor.java:624)
at java.lang.Thread.run(Thread.java:748)
... Removed 7 stack frames]]>
    </failure>
  </testcase> <!-- infiniteloop -->
  <testcase name="test1" time="0.005" classname="tutorialsTestNG.ExceptiontimeOut"/>
  <testcase name="logintest" time="0.008" classname="tutorialsTestNG.TestngFeatures">
    <failure type="java.lang.ArithmeticException" message="/ by zero">
      <![CDATA[java.lang.ArithmeticException: / by zero
at tutorialsTestNG.TestngFeatures.logintest(TestngFeatures.java:15)
... Removed 25 stack frames]]>
    </failure>
  </testcase> <!-- logintest -->
  <testcase name="mult" time="0.016" classname="tutorialsTestNG.Invovationcounttestng"/>
  <testcase name="mult" time="0.006" classname="tutorialsTestNG.Invovationcounttestng"/>
  <testcase name="mult" time="0.012" classname="tutorialsTestNG.Invovationcounttestng"/>
  <testcase name="mult" time="0.01" classname="tutorialsTestNG.Invovationcounttestng"/>
  <testcase name="mult" time="0.004" classname="tutorialsTestNG.Invovationcounttestng"/>
  <testcase name="mult" time="0.002" classname="tutorialsTestNG.Invovationcounttestng"/>
  <testcase name="mult" time="0.006" classname="tutorialsTestNG.Invovationcounttestng"/>
  <testcase name="mult" time="0.005" classname="tutorialsTestNG.Invovationcounttestng"/>
  <testcase name="mult" time="0.006" classname="tutorialsTestNG.Invovationcounttestng"/>
  <testcase name="mult" time="0.003" classname="tutorialsTestNG.Invovationcounttestng"/>
</testsuite> <!-- Test -->
